<?xml version="1.0" encoding="UTF-8"?>
<!-- Generated by org.testng.reporters.JUnitReportReporter -->
<testsuite hostname="C40LAP-13649" failures="0" tests="1" name="com.bt.testcases.BankManagerLoginTest" time="2.175" errors="0" timestamp="21 Jul 2022 07:39:36 GMT" skipped="0">
  <testcase classname="com.bt.testcases.BankManagerLoginTest" name="bankManagerLoginTest" time="2.175"/>
</testsuite> <!-- com.bt.testcases.BankManagerLoginTest -->
