<?xml version="1.0" encoding="UTF-8"?>
<!-- Generated by org.testng.reporters.JUnitReportReporter -->
<testsuite hostname="C40LAP-13649" failures="0" tests="1" name="tests.CheckBoxSelectionTest" time="0.396" errors="0" timestamp="22 Nov 2023 11:28:14 GMT" skipped="0">
  <testcase classname="tests.CheckBoxSelectionTest" name="checkBoxChkTestCase" time="0.396"/>
</testsuite> <!-- tests.CheckBoxSelectionTest -->
