<?xml version="1.0" encoding="UTF-8"?>
<!-- Generated by org.testng.reporters.JUnitReportReporter -->
<testsuite hostname="C40LAP-13649" failures="0" tests="2" name="com.bt.testcases.OpenAccountTest" time="6.637" errors="0" timestamp="21 Jul 2022 07:39:36 GMT" skipped="0">
  <testcase classname="com.bt.testcases.OpenAccountTest" name="openAccountTest" time="3.223"/>
  <testcase classname="com.bt.testcases.OpenAccountTest" name="openAccountTest" time="3.414"/>
</testsuite> <!-- com.bt.testcases.OpenAccountTest -->
