<?xml version="1.0" encoding="UTF-8"?>
<!-- Generated by org.testng.reporters.JUnitReportReporter -->
<testsuite hostname="DESKTOP-R85LCEU" failures="0" tests="1" name="com.bt.testcases.BankManagerLogin" time="3.297" errors="0" timestamp="31 May 2022 05:19:38 GMT" skipped="0">
  <testcase classname="com.bt.testcases.BankManagerLogin" name="bankMgrLogin" time="3.297"/>
</testsuite> <!-- com.bt.testcases.BankManagerLogin -->
